<?xml version="1.0" encoding="UTF-8"?>
<testsuite name="com.example.emiautocrafting.core.CappedStockTest" tests="4" skipped="0" failures="0" errors="0" timestamp="2026-09-14T17:13:11.469Z" hostname="ivan-PC" time="0.01">
  <properties/>
  <testcase name="uncappedInputsAndExcessiveIncreasesAreRejected()" classname="com.example.emiautocrafting.core.CappedStockTest" time="0.007"/>
  <testcase name="lossOrUnrelatedGainCannotConfirmTransfer()" classname="com.example.emiautocrafting.core.CappedStockTest" time="0.0"/>
  <testcase name="ordinaryTransferNeedsNoRelaxation()" classname="com.example.emiautocrafting.core.CappedStockTest" time="0.001"/>
  <testcase name="revealedInputIsRetainedWhileNextCraftStillConsumesExactlyOne()" classname="com.example.emiautocrafting.core.CappedStockTest" time="0.001"/>
  <system-out><![CDATA[]]></system-out>
  <system-err><![CDATA[]]></system-err>
</testsuite>
