<?xml version="1.0" encoding="UTF-8"?>
<testsuite name="com.example.emiautocrafting.core.ControlsTest" tests="3" skipped="0" failures="0" errors="0" timestamp="2026-09-14T17:13:11.480Z" hostname="ivan-PC" time="0.002">
  <properties/>
  <testcase name="disabledAndInvalidBindingsNeverMatchUnknownKeys()" classname="com.example.emiautocrafting.core.ControlsTest" time="0.001"/>
  <testcase name="exactModifiersPreserveOtherShortcuts()" classname="com.example.emiautocrafting.core.ControlsTest" time="0.0"/>
  <testcase name="configuredFunctionKeysAndModifiers()" classname="com.example.emiautocrafting.core.ControlsTest" time="0.001"/>
  <system-out><![CDATA[]]></system-out>
  <system-err><![CDATA[]]></system-err>
</testsuite>
