<?xml version="1.0" encoding="UTF-8"?>
<testsuite name="com.example.emiautocrafting.core.StockScopeTest" tests="5" skipped="0" failures="0" errors="0" timestamp="2026-09-14T17:13:11.493Z" hostname="ivan-PC" time="0.002">
  <properties/>
  <testcase name="unusedToolboxMetadataChangeDoesNotBlockAConfirmedCraft()" classname="com.example.emiautocrafting.core.StockScopeTest" time="0.0"/>
  <testcase name="CappedTransferCanRevealInputsWhileUnusedMetadataChanges()" classname="com.example.emiautocrafting.core.StockScopeTest" time="0.0"/>
  <testcase name="UnchangedReusableInputStillMustExist()" classname="com.example.emiautocrafting.core.StockScopeTest" time="0.0"/>
  <testcase name="MissingOutputAndUnconsumedInputStillFail()" classname="com.example.emiautocrafting.core.StockScopeTest" time="0.001"/>
  <testcase name="unrelatedArrivalsAndDeparturesAreUsedByTheNextPlan()" classname="com.example.emiautocrafting.core.StockScopeTest" time="0.0"/>
  <system-out><![CDATA[]]></system-out>
  <system-err><![CDATA[]]></system-err>
</testsuite>
