<?xml version="1.0" encoding="UTF-8"?>
<testsuite name="com.example.emiautocrafting.core.JobControllerTest" tests="10" skipped="0" failures="0" errors="0" timestamp="2026-09-14T14:59:02.675Z" hostname="ivan-PC" time="0.006">
  <properties/>
  <testcase name="zeroDelayDispatchesOnlyOncePerTickAndStillWaitsForServer()" classname="com.example.emiautocrafting.core.JobControllerTest" time="0.001"/>
  <testcase name="onlyConfirmationAllowsReplanAndPacing()" classname="com.example.emiautocrafting.core.JobControllerTest" time="0.0"/>
  <testcase name="cancellationRetainsPendingOperationWithoutRepeatingIt()" classname="com.example.emiautocrafting.core.JobControllerTest" time="0.001"/>
  <testcase name="rejectedCraftCannotComplete()" classname="com.example.emiautocrafting.core.JobControllerTest" time="0.0"/>
  <testcase name="exceptionDoesNotLeaveAnActiveLock()" classname="com.example.emiautocrafting.core.JobControllerTest" time="0.0"/>
  <testcase name="timeoutRetainsTheSpecificSynchronizationReason()" classname="com.example.emiautocrafting.core.JobControllerTest" time="0.002"/>
  <testcase name="closingGuiStopsFutureDispatch()" classname="com.example.emiautocrafting.core.JobControllerTest" time="0.0"/>
  <testcase name="noDuplicateWithLatencyOrRepeatedStart()" classname="com.example.emiautocrafting.core.JobControllerTest" time="0.0"/>
  <testcase name="timeoutStopsWithoutRetry()" classname="com.example.emiautocrafting.core.JobControllerTest" time="0.0"/>
  <testcase name="singleStepStopsAfterOneConfirmedCraft()" classname="com.example.emiautocrafting.core.JobControllerTest" time="0.0"/>
  <system-out><![CDATA[]]></system-out>
  <system-err><![CDATA[]]></system-err>
</testsuite>
