<?xml version="1.0" encoding="UTF-8"?>
<testsuite name="com.example.emiautocrafting.core.QuantitiesTest" tests="5" skipped="0" failures="0" errors="0" timestamp="2026-09-13T16:16:04.474Z" hostname="Ivans-MacBook-Air.local" time="0.061">
  <properties/>
  <testcase name="finalStockReducesTotal()" classname="com.example.emiautocrafting.core.QuantitiesTest" time="0.006"/>
  <testcase name="maximumLongDoesNotOverflow()" classname="com.example.emiautocrafting.core.QuantitiesTest" time="0.003"/>
  <testcase name="surplusRoundsUp()" classname="com.example.emiautocrafting.core.QuantitiesTest" time="0.001"/>
  <testcase name="clampBeforeIntegerConversion()" classname="com.example.emiautocrafting.core.QuantitiesTest" time="0.001"/>
  <testcase name="rejectNonFiniteRequests()" classname="com.example.emiautocrafting.core.QuantitiesTest" time="0.041"/>
  <system-out><![CDATA[]]></system-out>
  <system-err><![CDATA[]]></system-err>
</testsuite>
