<?xml version="1.0" encoding="UTF-8"?>
<testsuite name="com.example.emiautocrafting.core.ControlsTest" tests="3" skipped="0" failures="0" errors="0" timestamp="2026-09-13T17:05:02.316Z" hostname="Ivans-MacBook-Air.local" time="0.016">
  <properties/>
  <testcase name="disabledAndInvalidBindingsNeverMatchUnknownKeys()" classname="com.example.emiautocrafting.core.ControlsTest" time="0.013"/>
  <testcase name="exactModifiersPreserveOtherShortcuts()" classname="com.example.emiautocrafting.core.ControlsTest" time="0.001"/>
  <testcase name="configuredFunctionKeysAndModifiers()" classname="com.example.emiautocrafting.core.ControlsTest" time="0.001"/>
  <system-out><![CDATA[]]></system-out>
  <system-err><![CDATA[]]></system-err>
</testsuite>
